02-01-2007 02:22:06.466: 20 characters read in save/athena.txt.
02-01-2007 02:22:06.580: Id for the next created character: 500020.
02-01-2007 02:22:06.580: Char id used to represent server: 500000.
02-01-2007 02:22:07.652: The char-server is ready (and is listening on the port 6121 - from any ip).
02-01-2007 02:22:41.379: Map-Server 0 connected: 537 maps, from IP 192.168.1.3 port 5121. Map-server 0 loading complete.
03-01-2007 00:23:55.739: 20 characters read in save/athena.txt.
03-01-2007 00:23:55.741: Id for the next created character: 500020.
03-01-2007 00:23:55.741: Char id used to represent server: 500000.
03-01-2007 00:23:56.045: The char-server is ready (and is listening on the port 6121 - from any ip).
03-01-2007 00:24:31.451: Map-Server 0 connected: 537 maps, from IP 192.168.1.3 port 5121. Map-server 0 loading complete.
07-01-2007 18:15:15.575: 20 characters read in save/athena.txt.
07-01-2007 18:15:15.799: Id for the next created character: 500020.
07-01-2007 18:15:15.802: Char id used to represent server: 500000.
07-01-2007 18:15:15.876: The char-server is ready (and is listening on the port 6121 - from any ip).
07-01-2007 18:19:33.837: 20 characters read in save/athena.txt.
07-01-2007 18:19:33.838: Id for the next created character: 500020.
07-01-2007 18:19:33.838: Char id used to represent server: 500000.
07-01-2007 18:19:33.857: The char-server is ready (and is listening on the port 6121 - from any ip).
07-01-2007 18:22:59.050: 20 characters read in save/athena.txt.
07-01-2007 18:22:59.051: Id for the next created character: 500020.
07-01-2007 18:22:59.051: Char id used to represent server: 500000.
07-01-2007 18:22:59.074: The char-server is ready (and is listening on the port 6121 - from any ip).
07-01-2007 18:26:47.933: 20 characters read in save/athena.txt.
07-01-2007 18:26:47.934: Id for the next created character: 500020.
07-01-2007 18:26:47.934: Char id used to represent server: 500000.
07-01-2007 18:26:47.954: The char-server is ready (and is listening on the port 6121 - from any ip).
07-01-2007 18:38:18.713: 20 characters read in save/athena.txt.
07-01-2007 18:38:18.967: Id for the next created character: 500020.
07-01-2007 18:38:19.060: Char id used to represent server: 500000.
07-01-2007 18:38:19.748: The char-server is ready (and is listening on the port 6121 - from any ip).
07-01-2007 18:47:52.282: 20 characters read in save/athena.txt.
07-01-2007 18:47:52.283: Id for the next created character: 500020.
07-01-2007 18:47:52.284: Char id used to represent server: 500000.
07-01-2007 18:47:52.304: The char-server is ready (and is listening on the port 6121 - from any ip).
07-01-2007 18:47:55.079: Map-Server 0 connected: 537 maps, from IP 192.168.1.2 port 5121. Map-server 0 loading complete.
07-01-2007 21:44:24.796: 20 characters read in save/athena.txt.
07-01-2007 21:44:24.811: Id for the next created character: 500020.
07-01-2007 21:44:24.812: Char id used to represent server: 500000.
07-01-2007 21:44:25.228: The char-server is ready (and is listening on the port 6121 - from any ip).
07-01-2007 21:44:50.743: Map-Server 0 connected: 537 maps, from IP 192.168.1.2 port 5121. Map-server 0 loading complete.
07-01-2007 21:45:46.408: From login-server: receiving a GM account information (2000001: level 99).
07-01-2007 21:45:49.513: Creation of New Character: connection #8, account: 2000001, slot 0, character Name: Test, stats: 5+5+5+5+5+5=30, hair: 1, hair color: 0.
07-01-2007 21:45:51.918: Character Selected, Account ID: 2000001, Character Slot: 0, Character Name: Test.
