02-12-2006 10:56:12.504: 12 characters read in save/athena.txt.
02-12-2006 10:56:12.506: Id for the next created character: 500012.
02-12-2006 10:56:12.506: Char id used to represent server: 500000.
02-12-2006 10:56:12.835: The char-server is ready (and is listening on the port 6121 - from any ip).
02-12-2006 10:56:54.198: Map-Server 0 connected: 522 maps, from IP 192.168.1.2 port 5121. Map-server 0 loading complete.
02-12-2006 10:58:23.964: From login-server: receiving a GM account information (2000003: level 99).
02-12-2006 10:58:32.454: Character Selected, Account ID: 2000003, Character Slot: 0, Character Name: Taekon.
02-12-2006 11:24:07.460: 12 characters read in save/athena.txt.
02-12-2006 11:24:07.532: Id for the next created character: 500012.
02-12-2006 11:24:07.533: Char id used to represent server: 500000.
02-12-2006 11:24:07.602: The char-server is ready (and is listening on the port 6121 - from any ip).
02-12-2006 11:24:12.861: Map-Server 0 connected: 522 maps, from IP 192.168.1.2 port 5121. Map-server 0 loading complete.
02-12-2006 11:25:01.938: From login-server: receiving a GM account information (2000003: level 99).
02-12-2006 11:25:07.077: Character Selected, Account ID: 2000003, Character Slot: 0, Character Name: Taekon.
02-12-2006 19:21:39.524: 12 characters read in save/athena.txt.
02-12-2006 19:21:39.662: Id for the next created character: 500012.
02-12-2006 19:21:39.662: Char id used to represent server: 500000.
02-12-2006 19:21:40.179: The char-server is ready (and is listening on the port 6121 - from any ip).
02-12-2006 19:21:57.765: Map-Server 0 connected: 522 maps, from IP 192.168.1.2 port 5121. Map-server 0 loading complete.
02-12-2006 19:23:08.890: From login-server: receiving a GM account information (2000003: level 99).
02-12-2006 19:23:16.138: Character Selected, Account ID: 2000003, Character Slot: 0, Character Name: Taekon.
02-12-2006 19:26:42.287: Map-Server 0 connected: 522 maps, from IP 192.168.1.2 port 5121. Map-server 0 loading complete.
02-12-2006 19:26:45.472: Character Selected, Account ID: 2000003, Character Slot: 0, Character Name: Taekon.
02-12-2006 20:29:06.909: 12 characters read in save/athena.txt.
02-12-2006 20:29:06.928: Id for the next created character: 500012.
02-12-2006 20:29:06.928: Char id used to represent server: 500000.
02-12-2006 20:29:06.998: The char-server is ready (and is listening on the port 6121 - from any ip).
02-12-2006 20:29:24.806: Map-Server 0 connected: 522 maps, from IP 192.168.1.2 port 5121. Map-server 0 loading complete.
02-12-2006 20:30:28.490: From login-server: receiving a GM account information (2000003: level 99).
02-12-2006 20:30:32.202: Character Selected, Account ID: 2000003, Character Slot: 0, Character Name: Taekon.
02-12-2006 20:32:41.808: Character Selected, Account ID: 2000003, Character Slot: 0, Character Name: Taekon.
06-12-2006 21:10:14.657: 12 characters read in save/athena.txt.
06-12-2006 21:10:14.751: Id for the next created character: 500012.
06-12-2006 21:10:14.751: Char id used to represent server: 500000.
06-12-2006 21:10:16.540: The char-server is ready (and is listening on the port 6121 - from any ip).
06-12-2006 21:10:37.423: Map-Server 0 connected: 522 maps, from IP 192.168.1.2 port 5121. Map-server 0 loading complete.
06-12-2006 21:13:08.589: From login-server: receiving a GM account information (2000003: level 99).
06-12-2006 21:15:06.993: Character Selected, Account ID: 2000003, Character Slot: 8, Character Name: Clown.
06-12-2006 21:36:11.224: 12 characters read in save/athena.txt.
06-12-2006 21:36:11.227: Id for the next created character: 500012.
06-12-2006 21:36:11.227: Char id used to represent server: 500000.
06-12-2006 21:36:14.697: The char-server is ready (and is listening on the port 6121 - from any ip).
06-12-2006 21:36:42.840: Map-Server 0 connected: 522 maps, from IP 192.168.1.2 port 5121. Map-server 0 loading complete.
06-12-2006 21:38:07.774: From login-server: receiving a GM account information (2000003: level 99).
06-12-2006 21:38:13.739: Character Selected, Account ID: 2000003, Character Slot: 8, Character Name: Clown.
06-12-2006 22:15:22.914: 12 characters read in save/athena.txt.
06-12-2006 22:15:22.975: Id for the next created character: 500012.
06-12-2006 22:15:22.976: Char id used to represent server: 500000.
06-12-2006 22:15:23.533: The char-server is ready (and is listening on the port 6121 - from any ip).
06-12-2006 22:16:03.910: Map-Server 0 connected: 522 maps, from IP 192.168.1.2 port 5121. Map-server 0 loading complete.
06-12-2006 22:16:57.283: From login-server: receiving a GM account information (2000003: level 99).
06-12-2006 22:17:00.809: Character Selected, Account ID: 2000003, Character Slot: 8, Character Name: Clown.
07-12-2006 04:39:24.314: 12 characters read in save/athena.txt.
07-12-2006 04:39:24.445: Id for the next created character: 500012.
07-12-2006 04:39:24.445: Char id used to represent server: 500000.
07-12-2006 04:39:25.674: The char-server is ready (and is listening on the port 6121 - from any ip).
07-12-2006 04:39:38.726: Map-Server 0 connected: 522 maps, from IP 192.168.1.2 port 5121. Map-server 0 loading complete.
07-12-2006 04:40:56.648: From login-server: receiving a GM account information (2000003: level 99).
07-12-2006 04:41:01.972: Character Selected, Account ID: 2000003, Character Slot: 8, Character Name: Clown.
07-12-2006 04:58:58.923: 12 characters read in save/athena.txt.
07-12-2006 04:58:58.929: Id for the next created character: 500012.
07-12-2006 04:58:58.930: Char id used to represent server: 500000.
07-12-2006 04:58:59.151: The char-server is ready (and is listening on the port 6121 - from any ip).
07-12-2006 04:59:30.615: Map-Server 0 connected: 522 maps, from IP 192.168.1.2 port 5121. Map-server 0 loading complete.
07-12-2006 04:59:42.153: From login-server: receiving a GM account information (2000003: level 99).
07-12-2006 04:59:59.930: Character Selected, Account ID: 2000003, Character Slot: 8, Character Name: Clown.
07-12-2006 05:37:15.379: 12 characters read in save/athena.txt.
07-12-2006 05:37:15.380: Id for the next created character: 500012.
07-12-2006 05:37:15.380: Char id used to represent server: 500000.
07-12-2006 05:37:16.908: The char-server is ready (and is listening on the port 6121 - from any ip).
07-12-2006 05:37:33.657: Map-Server 0 connected: 522 maps, from IP 192.168.1.2 port 5121. Map-server 0 loading complete.
07-12-2006 05:38:25.086: From login-server: receiving a GM account information (2000003: level 99).
07-12-2006 05:38:30.922: Character Selected, Account ID: 2000003, Character Slot: 8, Character Name: Clown.
07-12-2006 19:45:22.036: 12 characters read in save/athena.txt.
07-12-2006 19:45:22.038: Id for the next created character: 500012.
07-12-2006 19:45:22.038: Char id used to represent server: 500000.
07-12-2006 19:45:23.022: The char-server is ready (and is listening on the port 6121 - from any ip).
07-12-2006 19:45:42.012: Map-Server 0 connected: 522 maps, from IP 192.168.1.2 port 5121. Map-server 0 loading complete.
07-12-2006 19:47:51.346: From login-server: receiving a GM account information (2000003: level 99).
07-12-2006 19:47:54.731: Character Selected, Account ID: 2000003, Character Slot: 8, Character Name: Clown.
07-12-2006 21:32:49.217: 12 characters read in save/athena.txt.
07-12-2006 21:32:49.218: Id for the next created character: 500012.
07-12-2006 21:32:49.218: Char id used to represent server: 500000.
07-12-2006 21:32:49.238: The char-server is ready (and is listening on the port 6121 - from any ip).
07-12-2006 21:32:59.727: Map-Server 0 connected: 522 maps, from IP 192.168.1.2 port 5121. Map-server 0 loading complete.
07-12-2006 21:34:11.052: From login-server: receiving a GM account information (2000003: level 99).
07-12-2006 21:34:15.391: Character Selected, Account ID: 2000003, Character Slot: 8, Character Name: Clown.
07-12-2006 21:50:42.224: Map-Server 0 connected: 522 maps, from IP 192.168.1.2 port 5121. Map-server 0 loading complete.
07-12-2006 21:51:44.326: Character Selected, Account ID: 2000003, Character Slot: 8, Character Name: Clown.
08-12-2006 07:13:19.275: 12 characters read in save/athena.txt.
08-12-2006 07:13:19.296: Id for the next created character: 500012.
08-12-2006 07:13:19.296: Char id used to represent server: 500000.
08-12-2006 07:13:19.437: The char-server is ready (and is listening on the port 6121 - from any ip).
08-12-2006 07:13:33.063: Map-Server 0 connected: 522 maps, from IP 192.168.1.2 port 5121. Map-server 0 loading complete.
08-12-2006 07:13:58.702: From login-server: receiving a GM account information (2000003: level 99).
08-12-2006 07:14:01.311: Character Selected, Account ID: 2000003, Character Slot: 8, Character Name: Clown.
08-12-2006 23:35:44.451: 12 characters read in save/athena.txt.
08-12-2006 23:35:44.496: Id for the next created character: 500012.
08-12-2006 23:35:44.497: Char id used to represent server: 500000.
08-12-2006 23:35:44.521: The char-server is ready (and is listening on the port 6121 - from any ip).
08-12-2006 23:36:01.620: Map-Server 0 connected: 522 maps, from IP 192.168.1.2 port 5121. Map-server 0 loading complete.
08-12-2006 23:36:42.900: From login-server: receiving a GM account information (2000003: level 99).
08-12-2006 23:36:46.385: Character Selected, Account ID: 2000003, Character Slot: 8, Character Name: Clown.
09-12-2006 00:23:44.722: 12 characters read in save/athena.txt.
09-12-2006 00:23:44.755: Id for the next created character: 500012.
09-12-2006 00:23:44.755: Char id used to represent server: 500000.
09-12-2006 00:23:44.775: The char-server is ready (and is listening on the port 6121 - from any ip).
09-12-2006 00:23:48.708: Map-Server 0 connected: 522 maps, from IP 192.168.1.2 port 5121. Map-server 0 loading complete.
09-12-2006 00:24:29.316: From login-server: receiving a GM account information (2000003: level 99).
09-12-2006 00:24:31.805: Character Selected, Account ID: 2000003, Character Slot: 8, Character Name: Clown.
09-12-2006 00:40:57.084: 12 characters read in save/athena.txt.
09-12-2006 00:40:57.141: Id for the next created character: 500012.
09-12-2006 00:40:57.141: Char id used to represent server: 500000.
09-12-2006 00:40:58.687: The char-server is ready (and is listening on the port 6121 - from any ip).
09-12-2006 00:41:12.528: Map-Server 0 connected: 522 maps, from IP 192.168.1.2 port 5121. Map-server 0 loading complete.
09-12-2006 00:43:09.648: From login-server: receiving a GM account information (2000003: level 99).
09-12-2006 00:43:12.452: Character Selected, Account ID: 2000003, Character Slot: 8, Character Name: Clown.
09-12-2006 00:44:28.012: Character Selected, Account ID: 2000003, Character Slot: 8, Character Name: Clown.
09-12-2006 00:45:12.876: Character Selected, Account ID: 2000003, Character Slot: 8, Character Name: Clown.
09-12-2006 00:45:41.330: Character Selected, Account ID: 2000003, Character Slot: 8, Character Name: Clown.
09-12-2006 00:55:04.670: Character Selected, Account ID: 2000003, Character Slot: 8, Character Name: Clown.
09-12-2006 01:00:50.385: 12 characters read in save/athena.txt.
09-12-2006 01:00:50.450: Id for the next created character: 500012.
09-12-2006 01:00:50.451: Char id used to represent server: 500000.
09-12-2006 01:00:50.665: The char-server is ready (and is listening on the port 6121 - from any ip).
09-12-2006 01:01:05.528: Map-Server 0 connected: 522 maps, from IP 192.168.1.2 port 5121. Map-server 0 loading complete.
09-12-2006 01:01:12.130: From login-server: receiving a GM account information (2000003: level 99).
09-12-2006 01:01:23.465: Character Selected, Account ID: 2000003, Character Slot: 8, Character Name: Clown.
09-12-2006 18:50:28.997: 12 characters read in save/athena.txt.
09-12-2006 18:50:28.999: Id for the next created character: 500012.
09-12-2006 18:50:28.999: Char id used to represent server: 500000.
09-12-2006 18:50:28.905: The char-server is ready (and is listening on the port 6121 - from any ip).
09-12-2006 18:50:46.944: Map-Server 0 connected: 522 maps, from IP 192.168.1.2 port 5121. Map-server 0 loading complete.
09-12-2006 18:51:44.380: From login-server: receiving a GM account information (2000002: level 99).
09-12-2006 18:51:53.308: From login-server: receiving a GM account information (2000003: level 99).
09-12-2006 18:51:55.585: Character Selected, Account ID: 2000003, Character Slot: 8, Character Name: Clown.
09-12-2006 19:26:00.997: 12 characters read in save/athena.txt.
09-12-2006 19:26:01.093: Id for the next created character: 500012.
09-12-2006 19:26:01.093: Char id used to represent server: 500000.
09-12-2006 19:26:01.150: The char-server is ready (and is listening on the port 6121 - from any ip).
09-12-2006 19:26:14.381: Map-Server 0 connected: 522 maps, from IP 192.168.1.2 port 5121. Map-server 0 loading complete.
09-12-2006 19:26:31.979: From login-server: receiving a GM account information (2000003: level 99).
09-12-2006 19:26:56.248: Creation of New Character: connection #8, account: 2000003, slot 1, character Name: SuperNinja, stats: 5+5+5+5+5+5=30, hair: 23, hair color: 2.
09-12-2006 19:26:57.764: Character Selected, Account ID: 2000003, Character Slot: 1, Character Name: SuperNinja.
09-12-2006 19:28:14.640: Character Selected, Account ID: 2000003, Character Slot: 1, Character Name: SuperNinja.
09-12-2006 19:41:34.694: 13 characters read in save/athena.txt.
09-12-2006 19:41:34.756: Id for the next created character: 500013.
09-12-2006 19:41:34.756: Char id used to represent server: 500000.
09-12-2006 19:41:35.775: The char-server is ready (and is listening on the port 6121 - from any ip).
09-12-2006 19:41:56.465: Map-Server 0 connected: 522 maps, from IP 192.168.1.2 port 5121. Map-server 0 loading complete.
09-12-2006 19:41:57.337: From login-server: receiving a GM account information (2000003: level 99).
09-12-2006 19:42:03.561: Character Selected, Account ID: 2000003, Character Slot: 1, Character Name: SuperNinja.
09-12-2006 19:43:25.890: Map-Server 0 connected: 522 maps, from IP 192.168.1.2 port 5121. Map-server 0 loading complete.
09-12-2006 19:43:30.538: Character Selected, Account ID: 2000003, Character Slot: 1, Character Name: SuperNinja.
09-12-2006 20:40:14.784: 13 characters read in save/athena.txt.
09-12-2006 20:40:14.815: Id for the next created character: 500013.
09-12-2006 20:40:14.815: Char id used to represent server: 500000.
09-12-2006 20:40:14.879: The char-server is ready (and is listening on the port 6121 - from any ip).
09-12-2006 20:40:50.979: From login-server: receiving a GM account information (2000003: level 99).
09-12-2006 20:40:56.787: Map-Server 0 connected: 522 maps, from IP 192.168.1.2 port 5121. Map-server 0 loading complete.
09-12-2006 20:41:08.100: Character Selected, Account ID: 2000003, Character Slot: 8, Character Name: Clown.
09-12-2006 21:36:54.354: 13 characters read in save/athena.txt.
09-12-2006 21:36:54.409: Id for the next created character: 500013.
09-12-2006 21:36:54.409: Char id used to represent server: 500000.
09-12-2006 21:36:56.179: The char-server is ready (and is listening on the port 6121 - from any ip).
09-12-2006 21:37:34.120: Map-Server 0 connected: 522 maps, from IP 192.168.1.2 port 5121. Map-server 0 loading complete.
09-12-2006 21:37:35.540: From login-server: receiving a GM account information (2000003: level 99).
09-12-2006 21:37:40.225: Character Selected, Account ID: 2000003, Character Slot: 8, Character Name: Clown.
09-12-2006 22:11:52.715: 13 characters read in save/athena.txt.
09-12-2006 22:11:52.716: Id for the next created character: 500013.
09-12-2006 22:11:52.717: Char id used to represent server: 500000.
09-12-2006 22:11:52.980: The char-server is ready (and is listening on the port 6121 - from any ip).
09-12-2006 22:12:10.050: Map-Server 0 connected: 522 maps, from IP 192.168.1.2 port 5121. Map-server 0 loading complete.
09-12-2006 22:12:29.388: From login-server: receiving a GM account information (2000003: level 99).
09-12-2006 22:12:38.636: Character Selected, Account ID: 2000003, Character Slot: 8, Character Name: Clown.
09-12-2006 22:28:07.983: 13 characters read in save/athena.txt.
09-12-2006 22:28:07.985: Id for the next created character: 500013.
09-12-2006 22:28:07.985: Char id used to represent server: 500000.
09-12-2006 22:28:08.661: The char-server is ready (and is listening on the port 6121 - from any ip).
09-12-2006 22:28:26.307: Map-Server 0 connected: 522 maps, from IP 192.168.1.2 port 5121. Map-server 0 loading complete.
09-12-2006 22:28:32.335: From login-server: receiving a GM account information (2000003: level 99).
09-12-2006 22:28:45.536: Character Selected, Account ID: 2000003, Character Slot: 8, Character Name: Clown.
09-12-2006 22:35:29.194: 13 characters read in save/athena.txt.
09-12-2006 22:35:29.196: Id for the next created character: 500013.
09-12-2006 22:35:29.196: Char id used to represent server: 500000.
09-12-2006 22:35:30.807: The char-server is ready (and is listening on the port 6121 - from any ip).
09-12-2006 22:35:43.411: Map-Server 0 connected: 522 maps, from IP 192.168.1.2 port 5121. Map-server 0 loading complete.
09-12-2006 22:35:45.613: From login-server: receiving a GM account information (2000003: level 99).
09-12-2006 22:35:48.231: Character Selected, Account ID: 2000003, Character Slot: 8, Character Name: Clown.
10-12-2006 14:28:42.346: 13 characters read in save/athena.txt.
10-12-2006 14:28:42.382: Id for the next created character: 500013.
10-12-2006 14:28:42.382: Char id used to represent server: 500000.
10-12-2006 14:28:42.637: The char-server is ready (and is listening on the port 6121 - from any ip).
10-12-2006 14:29:05.445: Map-Server 0 connected: 522 maps, from IP 192.168.1.2 port 5121. Map-server 0 loading complete.
10-12-2006 14:30:48.714: From login-server: receiving a GM account information (2000003: level 99).
10-12-2006 14:30:53.958: Character Selected, Account ID: 2000003, Character Slot: 8, Character Name: Clown.
10-12-2006 18:37:44.957: 13 characters read in save/athena.txt.
10-12-2006 18:37:45.066: Id for the next created character: 500013.
10-12-2006 18:37:45.066: Char id used to represent server: 500000.
10-12-2006 18:37:47.100: The char-server is ready (and is listening on the port 6121 - from any ip).
10-12-2006 18:38:18.400: Map-Server 0 connected: 522 maps, from IP 192.168.1.2 port 5121. Map-server 0 loading complete.
10-12-2006 18:39:20.439: From login-server: receiving a GM account information (2000003: level 99).
10-12-2006 18:39:29.673: Character Selected, Account ID: 2000003, Character Slot: 8, Character Name: Clown.
11-12-2006 18:42:48.219: 13 characters read in save/athena.txt.
11-12-2006 18:42:48.221: Id for the next created character: 500013.
11-12-2006 18:42:48.221: Char id used to represent server: 500000.
11-12-2006 18:42:48.367: The char-server is ready (and is listening on the port 6121 - from any ip).
11-12-2006 18:43:29.963: Map-Server 0 connected: 522 maps, from IP 192.168.1.2 port 5121. Map-server 0 loading complete.
11-12-2006 18:44:43.948: From login-server: receiving a GM account information (2000003: level 99).
11-12-2006 18:45:02.695: Character Selected, Account ID: 2000003, Character Slot: 8, Character Name: Clown.
12-12-2006 19:03:41.348: 13 characters read in save/athena.txt.
12-12-2006 19:03:41.349: Id for the next created character: 500013.
12-12-2006 19:03:41.349: Char id used to represent server: 500000.
12-12-2006 19:03:42.205: The char-server is ready (and is listening on the port 6121 - from any ip).
12-12-2006 19:04:21.578: Map-Server 0 connected: 522 maps, from IP 192.168.1.2 port 5121. Map-server 0 loading complete.
12-12-2006 19:06:11.791: From login-server: receiving a GM account information (2000002: level 99).
12-12-2006 19:06:20.820: Character Selected, Account ID: 2000002, Character Slot: 7, Character Name: TsuyukiSL.
15-12-2006 19:56:20.868: 13 characters read in save/athena.txt.
15-12-2006 19:56:20.870: Id for the next created character: 500013.
15-12-2006 19:56:20.870: Char id used to represent server: 500000.
15-12-2006 19:56:20.910: The char-server is ready (and is listening on the port 6121 - from any ip).
15-12-2006 19:56:22.355: Map-Server 0 connected: 522 maps, from IP 192.168.1.2 port 5121. Map-server 0 loading complete.
15-12-2006 19:57:11.587: From login-server: receiving a GM account information (2000002: level 99).
15-12-2006 19:57:24.187: Creation of New Character: connection #8, account: 2000002, slot 2, character Name: Advanced, stats: 5+5+5+5+5+5=30, hair: 23, hair color: 2.
15-12-2006 19:57:26.557: Character Selected, Account ID: 2000002, Character Slot: 2, Character Name: Advanced.
15-12-2006 20:12:41.144: Map-Server 0 connected: 522 maps, from IP 192.168.1.2 port 5121. Map-server 0 loading complete.
15-12-2006 20:12:56.356: Character Selected, Account ID: 2000002, Character Slot: 2, Character Name: Advanced.
15-12-2006 20:43:14.623: Map-Server 0 connected: 522 maps, from IP 192.168.1.2 port 5121. Map-server 0 loading complete.
15-12-2006 20:43:53.880: Map-Server 0 connected: 522 maps, from IP 192.168.1.2 port 5121. Map-server 0 loading complete.
15-12-2006 20:43:57.512: Character Selected, Account ID: 2000002, Character Slot: 2, Character Name: Advanced.
15-12-2006 20:44:30.941: Creation of New Character: connection #8, account: 2000002, slot 3, character Name: Rebirth, stats: 5+5+5+5+5+5=30, hair: 23, hair color: 4.
15-12-2006 20:44:32.444: Character Selected, Account ID: 2000002, Character Slot: 3, Character Name: Rebirth.
15-12-2006 20:50:18.367: Character Selected, Account ID: 2000002, Character Slot: 3, Character Name: Rebirth.
15-12-2006 21:10:48.629: Map-Server 0 connected: 522 maps, from IP 192.168.1.2 port 5121. Map-server 0 loading complete.
15-12-2006 21:11:06.708: Character Selected, Account ID: 2000002, Character Slot: 3, Character Name: Rebirth.
15-12-2006 21:53:12.117: Map-Server 0 connected: 522 maps, from IP 192.168.1.2 port 5121. Map-server 0 loading complete.
15-12-2006 21:53:17.421: Creation of New Character: connection #8, account: 2000002, slot 4, character Name: Rebirth2, stats: 5+5+5+5+5+5=30, hair: 23, hair color: 8.
15-12-2006 21:53:20.569: Character Selected, Account ID: 2000002, Character Slot: 4, Character Name: Rebirth2.
15-12-2006 23:09:26.849: 16 characters read in save/athena.txt.
15-12-2006 23:09:26.929: Id for the next created character: 500016.
15-12-2006 23:09:26.929: Char id used to represent server: 500000.
15-12-2006 23:09:27.803: The char-server is ready (and is listening on the port 6121 - from any ip).
15-12-2006 23:09:49.173: Map-Server 0 connected: 522 maps, from IP 192.168.1.2 port 5121. Map-server 0 loading complete.
15-12-2006 23:11:21.585: From login-server: receiving a GM account information (2000002: level 99).
15-12-2006 23:11:41.091: Character Selected, Account ID: 2000002, Character Slot: 7, Character Name: TsuyukiSL.
15-12-2006 23:29:35.037: 16 characters read in save/athena.txt.
15-12-2006 23:29:35.384: Id for the next created character: 500016.
15-12-2006 23:29:35.384: Char id used to represent server: 500000.
15-12-2006 23:29:37.635: The char-server is ready (and is listening on the port 6121 - from any ip).
15-12-2006 23:30:47.423: Map-Server 0 connected: 522 maps, from IP 192.168.1.2 port 5121. Map-server 0 loading complete.
15-12-2006 23:31:34.356: From login-server: receiving a GM account information (2000002: level 99).
15-12-2006 23:31:38.190: Character Selected, Account ID: 2000002, Character Slot: 7, Character Name: TsuyukiSL.
15-12-2006 23:33:41.965: Character Selected, Account ID: 2000002, Character Slot: 7, Character Name: TsuyukiSL.
15-12-2006 23:56:52.001: Map-Server 0 connected: 522 maps, from IP 192.168.1.2 port 5121. Map-server 0 loading complete.
15-12-2006 23:57:02.986: Character Selected, Account ID: 2000002, Character Slot: 7, Character Name: TsuyukiSL.
16-12-2006 00:04:47.882: ----End of char-server (normal end with closing of all files).
16-12-2006 00:05:11.701: 16 characters read in save/athena.txt.
16-12-2006 00:05:11.703: Id for the next created character: 500016.
16-12-2006 00:05:11.703: Char id used to represent server: 500000.
16-12-2006 00:05:12.856: The char-server is ready (and is listening on the port 6121 - from any ip).
16-12-2006 00:05:27.878: From login-server: receiving a GM account information (2000002: level 99).
16-12-2006 00:05:44.097: Map-Server 0 connected: 522 maps, from IP 192.168.1.2 port 5121. Map-server 0 loading complete.
16-12-2006 00:05:46.992: Character Selected, Account ID: 2000002, Character Slot: 7, Character Name: TsuyukiSL.
16-12-2006 00:10:39.080: Map-Server 0 connected: 522 maps, from IP 192.168.1.2 port 5121. Map-server 0 loading complete.
16-12-2006 00:11:18.497: Character Selected, Account ID: 2000002, Character Slot: 7, Character Name: TsuyukiSL.
16-12-2006 10:21:01.150: 16 characters read in save/athena.txt.
16-12-2006 10:21:01.218: Id for the next created character: 500016.
16-12-2006 10:21:01.218: Char id used to represent server: 500000.
16-12-2006 10:21:01.918: The char-server is ready (and is listening on the port 6121 - from any ip).
16-12-2006 10:22:46.824: Map-Server 0 connected: 522 maps, from IP 192.168.1.2 port 5121. Map-server 0 loading complete.
16-12-2006 10:23:28.197: From login-server: receiving a GM account information (2000002: level 99).
16-12-2006 10:23:44.166: Character Selected, Account ID: 2000002, Character Slot: 7, Character Name: TsuyukiSL.
16-12-2006 10:37:33.374: Map-Server 0 connected: 522 maps, from IP 192.168.1.2 port 5121. Map-server 0 loading complete.
16-12-2006 10:37:39.018: Character Selected, Account ID: 2000002, Character Slot: 7, Character Name: TsuyukiSL.
16-12-2006 20:01:10.458: 16 characters read in save/athena.txt.
16-12-2006 20:01:10.588: Id for the next created character: 500016.
16-12-2006 20:01:10.588: Char id used to represent server: 500000.
16-12-2006 20:01:11.135: The char-server is ready (and is listening on the port 6121 - from any ip).
16-12-2006 20:04:08.877: Map-Server 0 connected: 522 maps, from IP 192.168.1.2 port 5121. Map-server 0 loading complete.
16-12-2006 20:05:21.607: Map-Server 0 connected: 522 maps, from IP 192.168.1.2 port 5121. Map-server 0 loading complete.
16-12-2006 20:07:41.705: From login-server: receiving a GM account information (2000002: level 99).
16-12-2006 20:07:59.459: Character Selected, Account ID: 2000002, Character Slot: 7, Character Name: TsuyukiSL.
16-12-2006 20:10:56.734: From login-server: receiving a GM account information (2000003: level 99).
16-12-2006 20:11:13.958: Creation of New Character: connection #8, account: 2000003, slot 2, character Name: Aetrix, stats: 5+5+5+5+5+5=30, hair: 23, hair color: 2.
16-12-2006 20:11:15.033: Character Selected, Account ID: 2000003, Character Slot: 2, Character Name: Aetrix.
16-12-2006 20:19:28.511: Character Selected, Account ID: 2000003, Character Slot: 2, Character Name: Aetrix.
16-12-2006 20:21:27.966: Map-Server 0 connected: 522 maps, from IP 192.168.1.2 port 5121. Map-server 0 loading complete.
16-12-2006 20:21:43.802: Character Selected, Account ID: 2000003, Character Slot: 2, Character Name: Aetrix.
16-12-2006 20:27:50.994: Character Selected, Account ID: 2000003, Character Slot: 2, Character Name: Aetrix.
16-12-2006 20:33:23.190: Map-Server 0 connected: 522 maps, from IP 192.168.1.2 port 5121. Map-server 0 loading complete.
16-12-2006 20:34:14.910: Character Selected, Account ID: 2000003, Character Slot: 2, Character Name: Aetrix.
16-12-2006 20:44:09.684: Creation of New Character: connection #8, account: 2000003, slot 3, character Name: SuperChange, stats: 5+5+5+5+5+5=30, hair: 1, hair color: 0.
16-12-2006 20:44:10.892: Character Selected, Account ID: 2000003, Character Slot: 3, Character Name: SuperChange.
17-12-2006 09:04:10.320: 18 characters read in save/athena.txt.
17-12-2006 09:04:10.525: Id for the next created character: 500018.
17-12-2006 09:04:10.525: Char id used to represent server: 500000.
17-12-2006 09:04:10.976: The char-server is ready (and is listening on the port 6121 - from any ip).
17-12-2006 09:05:34.956: Map-Server 0 connected: 522 maps, from IP 192.168.1.2 port 5121. Map-server 0 loading complete.
17-12-2006 09:06:07.946: From login-server: receiving a GM account information (2000003: level 99).
17-12-2006 09:06:21.447: Make new char error (name already exists): connection #8, account: 2000003, slot 4, name: Tester, stats: 5+5+5+5+5+5=30, hair: 23, hair color: 0.
17-12-2006 09:06:33.707: Creation of New Character: connection #8, account: 2000003, slot 4, character Name: Testin, stats: 5+5+5+5+5+5=30, hair: 23, hair color: 0.
17-12-2006 09:06:49.247: Character Selected, Account ID: 2000003, Character Slot: 4, Character Name: Testin.
17-12-2006 09:35:41.997: 19 characters read in save/athena.txt.
17-12-2006 09:35:41.077: Id for the next created character: 500019.
17-12-2006 09:35:41.077: Char id used to represent server: 500000.
17-12-2006 09:35:42.276: The char-server is ready (and is listening on the port 6121 - from any ip).
17-12-2006 09:37:13.535: Map-Server 0 connected: 522 maps, from IP 192.168.1.2 port 5121. Map-server 0 loading complete.
17-12-2006 09:38:28.245: Creation of New Character: connection #8, account: 2000004, slot 8, character Name: Tsuyukin, stats: 5+5+5+5+5+5=30, hair: 23, hair color: 0.
17-12-2006 09:38:30.950: Character Selected, Account ID: 2000004, Character Slot: 8, Character Name: Tsuyukin.
17-12-2006 09:42:24.239: From login-server: receiving a GM account information (2000002: level 99).
17-12-2006 09:42:37.804: Character Selected, Account ID: 2000002, Character Slot: 7, Character Name: TsuyukiSL.
17-12-2006 10:56:55.068: 20 characters read in save/athena.txt.
18-12-2006 20:30:40.727: 20 characters read in save/athena.txt.
18-12-2006 20:30:40.776: Id for the next created character: 500020.
18-12-2006 20:30:40.776: Char id used to represent server: 500000.
18-12-2006 20:30:42.060: The char-server is ready (and is listening on the port 6121 - from any ip).
18-12-2006 20:30:54.349: Map-Server 0 connected: 523 maps, from IP 192.168.1.2 port 5121. Map-server 0 loading complete.
18-12-2006 20:30:59.284: From login-server: receiving a GM account information (2000002: level 99).
18-12-2006 20:31:03.349: Character Selected, Account ID: 2000002, Character Slot: 6, Character Name: voidreality.
18-12-2006 20:35:39.542: 20 characters read in save/athena.txt.
18-12-2006 20:35:39.543: Id for the next created character: 500020.
18-12-2006 20:35:39.543: Char id used to represent server: 500000.
18-12-2006 20:35:39.893: The char-server is ready (and is listening on the port 6121 - from any ip).
18-12-2006 20:35:58.506: From login-server: receiving a GM account information (2000002: level 99).
18-12-2006 20:36:05.264: Map-Server 0 connected: 523 maps, from IP 192.168.1.2 port 5121. Map-server 0 loading complete.
18-12-2006 20:36:13.571: Character Selected, Account ID: 2000002, Character Slot: 6, Character Name: voidreality.
18-12-2006 20:37:46.249: Character Selected, Account ID: 2000002, Character Slot: 6, Character Name: voidreality.
18-12-2006 20:40:01.177: Character Selected, Account ID: 2000002, Character Slot: 6, Character Name: voidreality.
18-12-2006 20:41:56.611: Map-Server 0 connected: 523 maps, from IP 192.168.1.2 port 5121. Map-server 0 loading complete.
18-12-2006 20:41:59.749: Character Selected, Account ID: 2000002, Character Slot: 6, Character Name: voidreality.
18-12-2006 20:44:17.285: Map-Server 0 connected: 523 maps, from IP 192.168.1.2 port 5121. Map-server 0 loading complete.
18-12-2006 20:44:19.258: Character Selected, Account ID: 2000002, Character Slot: 6, Character Name: voidreality.
18-12-2006 20:48:21.249: 20 characters read in save/athena.txt.
18-12-2006 20:48:21.249: Id for the next created character: 500020.
18-12-2006 20:48:21.249: Char id used to represent server: 500000.
18-12-2006 20:48:21.312: The char-server is ready (and is listening on the port 6121 - from any ip).
18-12-2006 20:49:02.421: Map-Server 0 connected: 523 maps, from IP 192.168.1.2 port 5121. Map-server 0 loading complete.
18-12-2006 20:49:49.297: From login-server: receiving a GM account information (2000002: level 99).
18-12-2006 20:49:51.162: Character Selected, Account ID: 2000002, Character Slot: 6, Character Name: voidreality.
18-12-2006 21:39:25.324: 20 characters read in save/athena.txt.
18-12-2006 21:39:25.337: Id for the next created character: 500020.
18-12-2006 21:39:25.337: Char id used to represent server: 500000.
18-12-2006 21:39:25.553: The char-server is ready (and is listening on the port 6121 - from any ip).
18-12-2006 21:42:11.102: From login-server: receiving a GM account information (2000002: level 99).
18-12-2006 21:42:20.229: Character Selected, Account ID: 2000002, Character Slot: 6, Character Name: voidreality.
18-12-2006 21:42:27.376: Map-Server 0 connected: 523 maps, from IP 192.168.1.2 port 5121. Map-server 0 loading complete.
18-12-2006 21:42:37.907: Character Selected, Account ID: 2000002, Character Slot: 6, Character Name: voidreality.
18-12-2006 22:27:09.798: 20 characters read in save/athena.txt.
18-12-2006 22:27:09.871: Id for the next created character: 500020.
18-12-2006 22:27:09.871: Char id used to represent server: 500000.
18-12-2006 22:27:09.906: The char-server is ready (and is listening on the port 6121 - from any ip).
18-12-2006 22:31:12.765: 20 characters read in save/athena.txt.
18-12-2006 22:31:12.792: Id for the next created character: 500020.
18-12-2006 22:31:12.792: Char id used to represent server: 500000.
18-12-2006 22:31:12.812: The char-server is ready (and is listening on the port 6121 - from any ip).
18-12-2006 22:31:14.057: Map-Server 0 connected: 537 maps, from IP 192.168.1.2 port 5121. Map-server 0 loading complete.
18-12-2006 22:31:48.234: From login-server: receiving a GM account information (2000002: level 99).
18-12-2006 22:31:51.607: Character Selected, Account ID: 2000002, Character Slot: 6, Character Name: voidreality.
18-12-2006 22:35:43.049: Character Selected, Account ID: 2000002, Character Slot: 6, Character Name: voidreality.
18-12-2006 22:36:05.961: Character Selected, Account ID: 2000002, Character Slot: 1, Character Name: Tester.
19-12-2006 19:09:43.593: 20 characters read in save/athena.txt.
19-12-2006 19:09:43.640: Id for the next created character: 500020.
19-12-2006 19:09:43.640: Char id used to represent server: 500000.
19-12-2006 19:09:43.655: The char-server is ready (and is listening on the port 6121 - from any ip).
19-12-2006 19:10:37.421: Map-Server 0 connected: 537 maps, from IP 192.168.1.2 port 5121. Map-server 0 loading complete.
19-12-2006 19:11:38.922: From login-server: receiving a GM account information (2000002: level 99).
19-12-2006 19:11:43.246: Character Selected, Account ID: 2000002, Character Slot: 1, Character Name: Tester.
20-12-2006 14:28:04.024: 20 characters read in save/athena.txt.
20-12-2006 14:28:04.125: Id for the next created character: 500020.
20-12-2006 14:28:04.126: Char id used to represent server: 500000.
20-12-2006 14:28:04.196: The char-server is ready (and is listening on the port 6121 - from any ip).
20-12-2006 14:28:28.201: Map-Server 0 connected: 537 maps, from IP 192.168.1.2 port 5121. Map-server 0 loading complete.
20-12-2006 14:29:46.509: From login-server: receiving a GM account information (2000002: level 99).
20-12-2006 14:29:56.107: Character Selected, Account ID: 2000002, Character Slot: 7, Character Name: TsuyukiSL.
20-12-2006 14:44:26.961: From login-server: receiving a GM account information (2000003: level 99).
20-12-2006 14:44:31.805: Character Selected, Account ID: 2000003, Character Slot: 8, Character Name: Clown.
20-12-2006 14:44:43.522: Character Selected, Account ID: 2000002, Character Slot: 7, Character Name: TsuyukiSL.
20-12-2006 15:16:06.893: 20 characters read in save/athena.txt.
20-12-2006 15:16:06.895: Id for the next created character: 500020.
20-12-2006 15:16:06.895: Char id used to represent server: 500000.
20-12-2006 15:16:07.285: The char-server is ready (and is listening on the port 6121 - from any ip).
20-12-2006 15:16:22.617: Map-Server 0 connected: 537 maps, from IP 192.168.1.2 port 5121. Map-server 0 loading complete.
20-12-2006 15:17:43.181: From login-server: receiving a GM account information (2000002: level 99).
20-12-2006 15:17:47.427: Character Selected, Account ID: 2000002, Character Slot: 7, Character Name: TsuyukiSL.
22-12-2006 18:36:52.755: 20 characters read in save/athena.txt.
22-12-2006 18:36:52.801: Id for the next created character: 500020.
22-12-2006 18:36:52.801: Char id used to represent server: 500000.
22-12-2006 18:36:53.369: The char-server is ready (and is listening on the port 6121 - from any ip).
22-12-2006 18:37:04.706: Map-Server 0 connected: 537 maps, from IP 192.168.1.2 port 5121. Map-server 0 loading complete.
