15-11-2006 16:58:05.027: 7 characters read in save/athena.txt.
15-11-2006 16:58:05.029: Id for the next created character: 500007.
15-11-2006 16:58:05.029: Char id used to represent server: 500000.
15-11-2006 16:58:06.267: The char-server is ready (and is listening on the port 6121 - from any ip).
15-11-2006 16:58:18.905: Map-Server 0 connected: 522 maps, from IP 192.168.1.2 port 5121. Map-server 0 loading complete.
21-11-2006 00:17:04.591: 7 characters read in save/athena.txt.
21-11-2006 00:17:04.693: Id for the next created character: 500007.
21-11-2006 00:17:04.693: Char id used to represent server: 500000.
21-11-2006 00:17:04.857: The char-server is ready (and is listening on the port 6121 - from any ip).
21-11-2006 00:26:43.255: 7 characters read in save/athena.txt.
21-11-2006 00:26:43.257: Id for the next created character: 500007.
21-11-2006 00:26:43.257: Char id used to represent server: 500000.
21-11-2006 00:26:44.239: The char-server is ready (and is listening on the port 6121 - from any ip).
21-11-2006 15:06:34.145: 7 characters read in save/athena.txt.
21-11-2006 15:06:34.146: Id for the next created character: 500007.
21-11-2006 15:06:34.146: Char id used to represent server: 500000.
21-11-2006 15:06:35.831: The char-server is ready (and is listening on the port 6121 - from any ip).
21-11-2006 15:06:49.181: Map-Server 0 connected: 522 maps, from IP 192.168.1.2 port 5121. Map-server 0 loading complete.
22-11-2006 19:04:13.806: 7 characters read in save/athena.txt.
22-11-2006 19:04:14.999: Id for the next created character: 500007.
22-11-2006 19:04:14.999: Char id used to represent server: 500000.
22-11-2006 19:04:14.047: The char-server is ready (and is listening on the port 6121 - from any ip).
22-11-2006 19:04:48.229: Map-Server 0 connected: 522 maps, from IP 192.168.1.2 port 5121. Map-server 0 loading complete.
22-11-2006 19:50:39.479: 7 characters read in save/athena.txt.
22-11-2006 19:50:39.480: Id for the next created character: 500007.
22-11-2006 19:50:39.481: Char id used to represent server: 500000.
22-11-2006 19:50:39.673: The char-server is ready (and is listening on the port 6121 - from any ip).
22-11-2006 19:50:52.507: Map-Server 0 connected: 522 maps, from IP 192.168.1.2 port 5121. Map-server 0 loading complete.
24-11-2006 13:29:03.611: 7 characters read in save/athena.txt.
24-11-2006 13:29:03.657: Id for the next created character: 500007.
24-11-2006 13:29:03.657: Char id used to represent server: 500000.
24-11-2006 13:29:03.710: The char-server is ready (and is listening on the port 6121 - from any ip).
24-11-2006 13:29:22.274: Map-Server 0 connected: 522 maps, from IP 192.168.1.2 port 5121. Map-server 0 loading complete.
24-11-2006 13:55:54.399: 7 characters read in save/athena.txt.
24-11-2006 13:55:54.400: Id for the next created character: 500007.
24-11-2006 13:55:54.401: Char id used to represent server: 500000.
24-11-2006 13:55:54.883: The char-server is ready (and is listening on the port 6121 - from any ip).
24-11-2006 13:56:08.731: Map-Server 0 connected: 522 maps, from IP 192.168.1.2 port 5121. Map-server 0 loading complete.
24-11-2006 13:57:44.831: From login-server: receiving a GM account information (2000002: level 99).
24-11-2006 13:58:08.532: Character Selected, Account ID: 2000002, Character Slot: 5, Character Name: TsuyukiDev.
25-11-2006 00:40:18.160: 7 characters read in save/athena.txt.
25-11-2006 00:40:18.162: Id for the next created character: 500007.
25-11-2006 00:40:18.162: Char id used to represent server: 500000.
25-11-2006 00:40:18.262: The char-server is ready (and is listening on the port 6121 - from any ip).
25-11-2006 00:45:29.237: 5 characters read in save/athena.txt.
25-11-2006 00:45:29.238: Id for the next created character: 500005.
25-11-2006 00:45:29.238: Char id used to represent server: 500000.
25-11-2006 00:45:29.259: The char-server is ready (and is listening on the port 6121 - from any ip).
25-11-2006 01:01:59.258: 5 characters read in save/athena.txt.
25-11-2006 01:01:59.259: Id for the next created character: 500005.
25-11-2006 01:01:59.259: Char id used to represent server: 500000.
25-11-2006 01:01:59.279: The char-server is ready (and is listening on the port 6121 - from any ip).
25-11-2006 01:19:58.389: 5 characters read in save/athena.txt.
25-11-2006 01:19:58.468: Id for the next created character: 500005.
25-11-2006 01:19:58.468: Char id used to represent server: 500000.
25-11-2006 01:19:58.488: The char-server is ready (and is listening on the port 6121 - from any ip).
25-11-2006 02:39:38.137: 5 characters read in save/athena.txt.
25-11-2006 02:39:38.179: Id for the next created character: 500005.
25-11-2006 02:39:38.179: Char id used to represent server: 500000.
25-11-2006 02:39:38.330: The char-server is ready (and is listening on the port 6121 - from any ip).
25-11-2006 03:42:14.857: 5 characters read in save/athena.txt.
25-11-2006 03:42:14.858: Id for the next created character: 500005.
25-11-2006 03:42:14.858: Char id used to represent server: 500000.
25-11-2006 03:42:14.879: The char-server is ready (and is listening on the port 6121 - from any ip).
25-11-2006 03:42:36.404: Map-Server 0 connected: 522 maps, from IP 192.168.1.2 port 5121. Map-server 0 loading complete.
25-11-2006 03:46:16.700: From login-server: receiving a GM account information (2000002: level 99).
25-11-2006 03:46:28.127: Creation of New Character: connection #8, account: 2000002, slot 7, character Name: TsuyukiSL, stats: 5+5+5+5+5+5=30, hair: 23, hair color: 0.
25-11-2006 03:46:31.336: Character Selected, Account ID: 2000002, Character Slot: 7, Character Name: TsuyukiSL.
25-11-2006 03:49:58.402: Map-Server 0 connected: 522 maps, from IP 192.168.1.2 port 5121. Map-server 0 loading complete.
25-11-2006 03:50:02.180: Character Selected, Account ID: 2000002, Character Slot: 7, Character Name: TsuyukiSL.
25-11-2006 03:53:18.662: Map-Server 0 connected: 522 maps, from IP 192.168.1.2 port 5121. Map-server 0 loading complete.
25-11-2006 03:53:34.428: Character Selected, Account ID: 2000002, Character Slot: 7, Character Name: TsuyukiSL.
25-11-2006 03:55:22.853: Map-Server 0 connected: 522 maps, from IP 192.168.1.2 port 5121. Map-server 0 loading complete.
25-11-2006 03:55:29.759: Character Selected, Account ID: 2000002, Character Slot: 7, Character Name: TsuyukiSL.
25-11-2006 03:56:49.669: Map-Server 0 connected: 522 maps, from IP 192.168.1.2 port 5121. Map-server 0 loading complete.
25-11-2006 03:56:57.605: Character Selected, Account ID: 2000002, Character Slot: 7, Character Name: TsuyukiSL.
25-11-2006 03:59:25.964: ----End of char-server (normal end with closing of all files).
25-11-2006 04:02:01.830: 6 characters read in save/athena.txt.
25-11-2006 04:02:01.831: Id for the next created character: 500006.
25-11-2006 04:02:01.832: Char id used to represent server: 500000.
25-11-2006 04:02:01.869: The char-server is ready (and is listening on the port 6121 - from any ip).
25-11-2006 04:02:04.150: Map-Server 0 connected: 522 maps, from IP 192.168.1.2 port 5121. Map-server 0 loading complete.
25-11-2006 04:02:08.916: From login-server: receiving a GM account information (2000002: level 99).
25-11-2006 04:02:11.577: Character Selected, Account ID: 2000002, Character Slot: 7, Character Name: TsuyukiSL.
25-11-2006 04:04:23.288: From login-server: receiving a GM account information (2000003: level 99).
25-11-2006 04:04:27.832: Character Selected, Account ID: 2000003, Character Slot: 6, Character Name: Tsuyuki.
25-11-2006 04:06:36.717: Character Selected, Account ID: 2000003, Character Slot: 6, Character Name: Tsuyuki.
25-11-2006 04:35:52.740: 6 characters read in save/athena.txt.
25-11-2006 04:35:52.741: Id for the next created character: 500006.
25-11-2006 04:35:52.742: Char id used to represent server: 500000.
25-11-2006 04:35:52.906: The char-server is ready (and is listening on the port 6121 - from any ip).
25-11-2006 04:36:05.380: Map-Server 0 connected: 522 maps, from IP 192.168.1.2 port 5121. Map-server 0 loading complete.
25-11-2006 04:37:16.779: From login-server: receiving a GM account information (2000002: level 99).
25-11-2006 04:37:20.943: Character Selected, Account ID: 2000002, Character Slot: 7, Character Name: TsuyukiSL.
25-11-2006 05:15:05.228: 6 characters read in save/athena.txt.
25-11-2006 05:15:05.310: Id for the next created character: 500006.
25-11-2006 05:15:05.310: Char id used to represent server: 500000.
25-11-2006 05:15:06.317: The char-server is ready (and is listening on the port 6121 - from any ip).
25-11-2006 05:15:17.152: Map-Server 0 connected: 522 maps, from IP 192.168.1.2 port 5121. Map-server 0 loading complete.
25-11-2006 07:45:02.583: 6 characters read in save/athena.txt.
25-11-2006 07:45:02.681: Id for the next created character: 500006.
25-11-2006 07:45:02.681: Char id used to represent server: 500000.
25-11-2006 07:45:03.491: The char-server is ready (and is listening on the port 6121 - from any ip).
25-11-2006 07:45:17.416: Map-Server 0 connected: 522 maps, from IP 192.168.1.2 port 5121. Map-server 0 loading complete.
25-11-2006 09:05:07.579: 6 characters read in save/athena.txt.
25-11-2006 09:05:07.700: Id for the next created character: 500006.
25-11-2006 09:05:07.700: Char id used to represent server: 500000.
25-11-2006 09:05:09.671: The char-server is ready (and is listening on the port 6121 - from any ip).
25-11-2006 09:06:05.337: Map-Server 0 connected: 522 maps, from IP 192.168.1.2 port 5121. Map-server 0 loading complete.
25-11-2006 09:09:20.197: From login-server: receiving a GM account information (2000002: level 99).
25-11-2006 09:09:24.219: Character Selected, Account ID: 2000002, Character Slot: 7, Character Name: TsuyukiSL.
25-11-2006 09:16:26.504: Character Selected, Account ID: 2000002, Character Slot: 7, Character Name: TsuyukiSL.
25-11-2006 11:11:53.224: 6 characters read in save/athena.txt.
25-11-2006 11:11:53.226: Id for the next created character: 500006.
25-11-2006 11:11:53.226: Char id used to represent server: 500000.
25-11-2006 11:11:53.379: The char-server is ready (and is listening on the port 6121 - from any ip).
25-11-2006 11:12:05.423: Map-Server 0 connected: 522 maps, from IP 192.168.1.2 port 5121. Map-server 0 loading complete.
25-11-2006 11:13:10.261: From login-server: receiving a GM account information (2000002: level 99).
25-11-2006 11:13:16.844: Character Selected, Account ID: 2000002, Character Slot: 7, Character Name: TsuyukiSL.
25-11-2006 11:13:47.142: From login-server: receiving a GM account information (2000003: level 99).
25-11-2006 11:13:50.402: Character Selected, Account ID: 2000003, Character Slot: 6, Character Name: Tsuyuki.
25-11-2006 11:18:42.536: Character Selected, Account ID: 2000003, Character Slot: 6, Character Name: Tsuyuki.
25-11-2006 12:08:53.210: 6 characters read in save/athena.txt.
25-11-2006 12:08:53.212: Id for the next created character: 500006.
25-11-2006 12:08:53.212: Char id used to represent server: 500000.
25-11-2006 12:08:53.430: The char-server is ready (and is listening on the port 6121 - from any ip).
25-11-2006 12:09:10.856: Map-Server 0 connected: 522 maps, from IP 192.168.1.2 port 5121. Map-server 0 loading complete.
25-11-2006 12:09:36.687: From login-server: receiving a GM account information (2000003: level 99).
25-11-2006 12:09:39.734: Character Selected, Account ID: 2000003, Character Slot: 6, Character Name: Tsuyuki.
25-11-2006 12:11:05.343: From login-server: receiving a GM account information (2000002: level 99).
25-11-2006 12:11:08.728: Character Selected, Account ID: 2000002, Character Slot: 7, Character Name: TsuyukiSL.
25-11-2006 12:17:18.244: Map-Server 0 connected: 522 maps, from IP 192.168.1.2 port 5121. Map-server 0 loading complete.
25-11-2006 13:13:22.583: 6 characters read in save/athena.txt.
25-11-2006 13:13:22.585: Id for the next created character: 500006.
25-11-2006 13:13:22.586: Char id used to represent server: 500000.
25-11-2006 13:13:22.742: The char-server is ready (and is listening on the port 6121 - from any ip).
25-11-2006 13:13:57.962: Map-Server 0 connected: 522 maps, from IP 192.168.1.2 port 5121. Map-server 0 loading complete.
25-11-2006 13:16:13.392: From login-server: receiving a GM account information (2000002: level 99).
25-11-2006 13:16:19.781: Creation of New Character: connection #8, account: 2000002, slot 8, character Name: Novice, stats: 5+5+5+5+5+5=30, hair: 1, hair color: 0.
25-11-2006 13:16:21.275: Character Selected, Account ID: 2000002, Character Slot: 8, Character Name: Novice.
25-11-2006 13:18:47.060: Character Selected, Account ID: 2000002, Character Slot: 8, Character Name: Novice.
25-11-2006 13:22:55.437: Character Selected, Account ID: 2000002, Character Slot: 8, Character Name: Novice.
25-11-2006 13:24:01.276: Creation of New Character: connection #8, account: 2000002, slot 0, character Name: Rebirther, stats: 5+5+5+5+5+5=30, hair: 1, hair color: 0.
25-11-2006 13:24:01.890: Character Selected, Account ID: 2000002, Character Slot: 0, Character Name: Rebirther.
25-11-2006 13:53:28.434: Character Selected, Account ID: 2000002, Character Slot: 0, Character Name: Rebirther.
25-11-2006 15:18:30.745: 8 characters read in save/athena.txt.
25-11-2006 15:18:30.825: Id for the next created character: 500008.
25-11-2006 15:18:30.825: Char id used to represent server: 500000.
25-11-2006 15:18:31.757: The char-server is ready (and is listening on the port 6121 - from any ip).
25-11-2006 15:18:58.064: Map-Server 0 connected: 522 maps, from IP 192.168.1.2 port 5121. Map-server 0 loading complete.
25-11-2006 15:18:59.208: From login-server: receiving a GM account information (2000003: level 99).
25-11-2006 15:19:04.949: Character Selected, Account ID: 2000003, Character Slot: 6, Character Name: Tsuyuki.
25-11-2006 15:19:16.553: From login-server: receiving a GM account information (2000002: level 99).
25-11-2006 15:19:27.228: Character Selected, Account ID: 2000002, Character Slot: 7, Character Name: TsuyukiSL.
26-11-2006 11:51:23.265: 8 characters read in save/athena.txt.
26-11-2006 11:51:23.339: Id for the next created character: 500008.
26-11-2006 11:51:23.339: Char id used to represent server: 500000.
26-11-2006 11:51:23.430: The char-server is ready (and is listening on the port 6121 - from any ip).
26-11-2006 11:51:38.452: Map-Server 0 connected: 522 maps, from IP 192.168.1.2 port 5121. Map-server 0 loading complete.
26-11-2006 11:53:50.779: From login-server: receiving a GM account information (2000003: level 99).
26-11-2006 11:53:56.326: Character Selected, Account ID: 2000003, Character Slot: 6, Character Name: Tsuyuki.
26-11-2006 11:55:13.710: From login-server: receiving a GM account information (2000002: level 99).
26-11-2006 11:55:17.378: Character Selected, Account ID: 2000002, Character Slot: 7, Character Name: TsuyukiSL.
28-11-2006 16:06:29.796: 8 characters read in save/athena.txt.
28-11-2006 16:06:29.842: Id for the next created character: 500008.
28-11-2006 16:06:29.842: Char id used to represent server: 500000.
28-11-2006 16:06:29.907: The char-server is ready (and is listening on the port 6121 - from any ip).
28-11-2006 16:06:53.623: Map-Server 0 connected: 522 maps, from IP 192.168.1.2 port 5121. Map-server 0 loading complete.
28-11-2006 18:19:23.845: 8 characters read in save/athena.txt.
28-11-2006 18:19:23.896: Id for the next created character: 500008.
28-11-2006 18:19:23.896: Char id used to represent server: 500000.
28-11-2006 18:19:24.135: The char-server is ready (and is listening on the port 6121 - from any ip).
28-11-2006 18:56:29.633: 8 characters read in save/athena.txt.
28-11-2006 18:56:29.635: Id for the next created character: 500008.
28-11-2006 18:56:29.635: Char id used to represent server: 500000.
28-11-2006 18:56:29.672: The char-server is ready (and is listening on the port 6121 - from any ip).
28-11-2006 18:56:40.608: Map-Server 0 connected: 522 maps, from IP 192.168.1.2 port 5121. Map-server 0 loading complete.
28-11-2006 18:57:24.361: From login-server: receiving a GM account information (2000003: level 99).
28-11-2006 18:57:32.697: Creation of New Character: connection #8, account: 2000003, slot 7, character Name: Ninja, stats: 5+5+5+5+5+5=30, hair: 23, hair color: 0.
28-11-2006 18:57:36.613: Character Selected, Account ID: 2000003, Character Slot: 7, Character Name: Ninja.
28-11-2006 20:00:23.350: ----End of char-server (normal end with closing of all files).
28-11-2006 20:05:10.855: 9 characters read in save/athena.txt.
28-11-2006 20:05:10.919: Id for the next created character: 500009.
28-11-2006 20:05:10.919: Char id used to represent server: 500000.
28-11-2006 20:05:10.941: The char-server is ready (and is listening on the port 6121 - from any ip).
28-11-2006 20:05:54.012: Map-Server 0 connected: 522 maps, from IP 192.168.1.2 port 5121. Map-server 0 loading complete.
28-11-2006 20:05:54.195: From login-server: receiving a GM account information (2000003: level 99).
28-11-2006 20:05:59.555: Character Selected, Account ID: 2000003, Character Slot: 7, Character Name: Ninja.
28-11-2006 20:36:20.897: 9 characters read in save/athena.txt.
28-11-2006 20:36:20.898: Id for the next created character: 500009.
28-11-2006 20:36:20.899: Char id used to represent server: 500000.
28-11-2006 20:36:20.917: The char-server is ready (and is listening on the port 6121 - from any ip).
28-11-2006 20:37:15.219: Map-Server 0 connected: 522 maps, from IP 192.168.1.2 port 5121. Map-server 0 loading complete.
28-11-2006 20:37:20.981: From login-server: receiving a GM account information (2000003: level 99).
28-11-2006 20:37:23.967: Character Selected, Account ID: 2000003, Character Slot: 7, Character Name: Ninja.
28-11-2006 22:06:01.973: 9 characters read in save/athena.txt.
28-11-2006 22:06:02.034: Id for the next created character: 500009.
28-11-2006 22:06:02.034: Char id used to represent server: 500000.
28-11-2006 22:06:02.171: The char-server is ready (and is listening on the port 6121 - from any ip).
28-11-2006 22:06:18.110: Map-Server 0 connected: 522 maps, from IP 192.168.1.2 port 5121. Map-server 0 loading complete.
28-11-2006 22:07:39.362: From login-server: receiving a GM account information (2000003: level 99).
28-11-2006 22:07:49.924: Character Selected, Account ID: 2000003, Character Slot: 7, Character Name: Ninja.
28-11-2006 22:22:37.140: 9 characters read in save/athena.txt.
28-11-2006 22:22:37.184: Id for the next created character: 500009.
28-11-2006 22:22:37.184: Char id used to represent server: 500000.
28-11-2006 22:22:37.757: The char-server is ready (and is listening on the port 6121 - from any ip).
28-11-2006 22:22:57.549: Map-Server 0 connected: 522 maps, from IP 192.168.1.2 port 5121. Map-server 0 loading complete.
28-11-2006 22:23:08.830: From login-server: receiving a GM account information (2000003: level 99).
28-11-2006 22:23:24.881: Character Selected, Account ID: 2000003, Character Slot: 7, Character Name: Ninja.
28-11-2006 22:37:39.165: 9 characters read in save/athena.txt.
28-11-2006 22:37:39.167: Id for the next created character: 500009.
28-11-2006 22:37:39.167: Char id used to represent server: 500000.
28-11-2006 22:37:39.930: The char-server is ready (and is listening on the port 6121 - from any ip).
28-11-2006 22:37:50.758: Map-Server 0 connected: 522 maps, from IP 192.168.1.2 port 5121. Map-server 0 loading complete.
28-11-2006 22:38:49.701: From login-server: receiving a GM account information (2000003: level 99).
28-11-2006 22:38:54.657: Character Selected, Account ID: 2000003, Character Slot: 7, Character Name: Ninja.
28-11-2006 22:51:14.077: 9 characters read in save/athena.txt.
28-11-2006 22:51:14.114: Id for the next created character: 500009.
28-11-2006 22:51:14.114: Char id used to represent server: 500000.
28-11-2006 22:51:14.135: The char-server is ready (and is listening on the port 6121 - from any ip).
28-11-2006 22:51:28.629: Map-Server 0 connected: 522 maps, from IP 192.168.1.2 port 5121. Map-server 0 loading complete.
28-11-2006 22:52:10.241: From login-server: receiving a GM account information (2000003: level 99).
28-11-2006 22:52:13.781: Character Selected, Account ID: 2000003, Character Slot: 7, Character Name: Ninja.
29-11-2006 06:36:17.749: 9 characters read in save/athena.txt.
29-11-2006 06:36:17.846: Id for the next created character: 500009.
29-11-2006 06:36:17.847: Char id used to represent server: 500000.
29-11-2006 06:36:18.221: The char-server is ready (and is listening on the port 6121 - from any ip).
29-11-2006 06:36:37.756: Map-Server 0 connected: 522 maps, from IP 192.168.1.2 port 5121. Map-server 0 loading complete.
29-11-2006 06:37:12.644: From login-server: receiving a GM account information (2000003: level 99).
29-11-2006 06:37:18.942: Character Selected, Account ID: 2000003, Character Slot: 7, Character Name: Ninja.
29-11-2006 06:58:07.364: 9 characters read in save/athena.txt.
29-11-2006 06:58:07.366: Id for the next created character: 500009.
29-11-2006 06:58:07.366: Char id used to represent server: 500000.
29-11-2006 06:58:07.513: The char-server is ready (and is listening on the port 6121 - from any ip).
29-11-2006 06:58:36.136: Map-Server 0 connected: 522 maps, from IP 192.168.1.2 port 5121. Map-server 0 loading complete.
29-11-2006 06:58:38.883: From login-server: receiving a GM account information (2000003: level 99).
29-11-2006 06:58:54.275: Character Selected, Account ID: 2000003, Character Slot: 7, Character Name: Ninja.
29-11-2006 07:08:20.577: 9 characters read in save/athena.txt.
29-11-2006 07:08:20.578: Id for the next created character: 500009.
29-11-2006 07:08:20.578: Char id used to represent server: 500000.
29-11-2006 07:08:20.599: The char-server is ready (and is listening on the port 6121 - from any ip).
29-11-2006 07:08:32.825: Map-Server 0 connected: 522 maps, from IP 192.168.1.2 port 5121. Map-server 0 loading complete.
29-11-2006 07:09:13.358: From login-server: receiving a GM account information (2000003: level 99).
29-11-2006 07:09:18.594: Character Selected, Account ID: 2000003, Character Slot: 7, Character Name: Ninja.
29-11-2006 16:43:46.757: 9 characters read in save/athena.txt.
29-11-2006 16:43:46.777: Id for the next created character: 500009.
29-11-2006 16:43:46.777: Char id used to represent server: 500000.
29-11-2006 16:43:47.010: The char-server is ready (and is listening on the port 6121 - from any ip).
29-11-2006 16:44:24.954: Map-Server 0 connected: 522 maps, from IP 192.168.1.2 port 5121. Map-server 0 loading complete.
29-11-2006 16:45:14.550: From login-server: receiving a GM account information (2000003: level 99).
29-11-2006 16:45:33.701: Creation of New Character: connection #8, account: 2000003, slot 8, character Name: Clown, stats: 5+5+5+5+5+5=30, hair: 23, hair color: 0.
29-11-2006 16:45:54.902: Character Selected, Account ID: 2000003, Character Slot: 8, Character Name: Clown.
29-11-2006 16:47:15.476: From login-server: receiving a GM account information (2000002: level 99).
29-11-2006 16:47:36.550: Creation of New Character: connection #8, account: 2000002, slot 1, character Name: Tester, stats: 5+5+5+5+5+5=30, hair: 22, hair color: 6.
29-11-2006 16:47:38.184: Character Selected, Account ID: 2000002, Character Slot: 1, Character Name: Tester.
29-11-2006 17:51:40.878: 11 characters read in save/athena.txt.
29-11-2006 17:51:40.879: Id for the next created character: 500011.
29-11-2006 17:51:40.880: Char id used to represent server: 500000.
29-11-2006 17:51:41.027: The char-server is ready (and is listening on the port 6121 - from any ip).
29-11-2006 17:52:07.156: Map-Server 0 connected: 522 maps, from IP 192.168.1.2 port 5121. Map-server 0 loading complete.
29-11-2006 17:53:12.246: From login-server: receiving a GM account information (2000002: level 99).
29-11-2006 17:53:19.534: Character Selected, Account ID: 2000002, Character Slot: 0, Character Name: Rebirther.
29-11-2006 17:53:37.382: From login-server: receiving a GM account information (2000003: level 99).
29-11-2006 17:53:45.083: Character Selected, Account ID: 2000003, Character Slot: 7, Character Name: Ninja.
29-11-2006 18:00:24.884: Character Selected, Account ID: 2000003, Character Slot: 7, Character Name: Ninja.
29-11-2006 18:38:12.346: 11 characters read in save/athena.txt.
29-11-2006 18:38:12.347: Id for the next created character: 500011.
29-11-2006 18:38:12.422: Char id used to represent server: 500000.
29-11-2006 18:38:13.279: The char-server is ready (and is listening on the port 6121 - from any ip).
29-11-2006 18:38:55.047: Map-Server 0 connected: 522 maps, from IP 192.168.1.2 port 5121. Map-server 0 loading complete.
29-11-2006 18:39:44.193: From login-server: receiving a GM account information (2000003: level 99).
29-11-2006 18:39:50.371: Character Selected, Account ID: 2000003, Character Slot: 7, Character Name: Ninja.
29-11-2006 18:40:25.584: Character Selected, Account ID: 2000003, Character Slot: 7, Character Name: Ninja.
29-11-2006 18:40:50.708: Character Selected, Account ID: 2000003, Character Slot: 8, Character Name: Clown.
29-11-2006 18:55:10.695: 11 characters read in save/athena.txt.
29-11-2006 18:55:10.697: Id for the next created character: 500011.
29-11-2006 18:55:10.697: Char id used to represent server: 500000.
29-11-2006 18:55:10.720: The char-server is ready (and is listening on the port 6121 - from any ip).
29-11-2006 18:55:27.686: Map-Server 0 connected: 522 maps, from IP 192.168.1.2 port 5121. Map-server 0 loading complete.
29-11-2006 18:56:24.059: From login-server: receiving a GM account information (2000003: level 99).
29-11-2006 18:56:32.809: Character Selected, Account ID: 2000003, Character Slot: 8, Character Name: Clown.
29-11-2006 19:12:22.804: 11 characters read in save/athena.txt.
29-11-2006 19:12:22.806: Id for the next created character: 500011.
29-11-2006 19:12:22.806: Char id used to represent server: 500000.
29-11-2006 19:12:23.573: The char-server is ready (and is listening on the port 6121 - from any ip).
29-11-2006 19:13:37.899: Map-Server 0 connected: 522 maps, from IP 192.168.1.2 port 5121. Map-server 0 loading complete.
29-11-2006 19:13:41.889: From login-server: receiving a GM account information (2000003: level 99).
29-11-2006 19:13:48.992: Character Selected, Account ID: 2000003, Character Slot: 8, Character Name: Clown.
29-11-2006 19:19:19.785: ----End of char-server (normal end with closing of all files).
29-11-2006 19:22:54.900: 11 characters read in save/athena.txt.
29-11-2006 19:22:54.901: Id for the next created character: 500011.
29-11-2006 19:22:54.902: Char id used to represent server: 500000.
29-11-2006 19:22:56.219: The char-server is ready (and is listening on the port 6121 - from any ip).
29-11-2006 19:23:13.443: Map-Server 0 connected: 522 maps, from IP 192.168.1.2 port 5121. Map-server 0 loading complete.
29-11-2006 19:23:29.780: From login-server: receiving a GM account information (2000003: level 99).
29-11-2006 19:23:37.355: Character Selected, Account ID: 2000003, Character Slot: 8, Character Name: Clown.
29-11-2006 19:37:40.295: ----End of char-server (normal end with closing of all files).
29-11-2006 19:39:51.712: 11 characters read in save/athena.txt.
29-11-2006 19:39:51.713: Id for the next created character: 500011.
29-11-2006 19:39:51.714: Char id used to represent server: 500000.
29-11-2006 19:39:51.734: The char-server is ready (and is listening on the port 6121 - from any ip).
29-11-2006 19:40:15.619: Map-Server 0 connected: 522 maps, from IP 192.168.1.2 port 5121. Map-server 0 loading complete.
29-11-2006 19:41:06.113: From login-server: receiving a GM account information (2000003: level 99).
29-11-2006 19:42:05.447: Character Selected, Account ID: 2000003, Character Slot: 8, Character Name: Clown.
29-11-2006 20:36:11.723: 11 characters read in save/athena.txt.
29-11-2006 20:36:11.750: Id for the next created character: 500011.
29-11-2006 20:36:11.750: Char id used to represent server: 500000.
29-11-2006 20:36:12.099: The char-server is ready (and is listening on the port 6121 - from any ip).
29-11-2006 20:36:34.918: Map-Server 0 connected: 522 maps, from IP 192.168.1.2 port 5121. Map-server 0 loading complete.
29-11-2006 20:36:42.600: From login-server: receiving a GM account information (2000003: level 99).
29-11-2006 20:37:21.375: Character Selected, Account ID: 2000003, Character Slot: 8, Character Name: Clown.
29-11-2006 21:14:25.214: 11 characters read in save/athena.txt.
29-11-2006 21:14:25.290: Id for the next created character: 500011.
29-11-2006 21:14:25.290: Char id used to represent server: 500000.
29-11-2006 21:14:25.481: The char-server is ready (and is listening on the port 6121 - from any ip).
29-11-2006 21:14:36.841: Map-Server 0 connected: 522 maps, from IP 192.168.1.2 port 5121. Map-server 0 loading complete.
29-11-2006 21:15:00.581: From login-server: receiving a GM account information (2000003: level 99).
29-11-2006 21:15:08.300: Character Selected, Account ID: 2000003, Character Slot: 8, Character Name: Clown.
29-11-2006 21:37:20.460: 11 characters read in save/athena.txt.
29-11-2006 21:37:20.461: Id for the next created character: 500011.
29-11-2006 21:37:20.462: Char id used to represent server: 500000.
29-11-2006 21:37:20.614: The char-server is ready (and is listening on the port 6121 - from any ip).
29-11-2006 21:37:38.552: Map-Server 0 connected: 522 maps, from IP 192.168.1.2 port 5121. Map-server 0 loading complete.
29-11-2006 21:37:43.875: From login-server: receiving a GM account information (2000003: level 99).
29-11-2006 21:37:52.074: Character Selected, Account ID: 2000003, Character Slot: 8, Character Name: Clown.
29-11-2006 22:20:53.981: 11 characters read in save/athena.txt.
29-11-2006 22:20:53.982: Id for the next created character: 500011.
29-11-2006 22:20:53.982: Char id used to represent server: 500000.
29-11-2006 22:20:54.299: The char-server is ready (and is listening on the port 6121 - from any ip).
29-11-2006 22:21:13.387: Map-Server 0 connected: 522 maps, from IP 192.168.1.2 port 5121. Map-server 0 loading complete.
29-11-2006 22:21:28.815: From login-server: receiving a GM account information (2000003: level 99).
29-11-2006 22:21:38.414: Character Selected, Account ID: 2000003, Character Slot: 8, Character Name: Clown.
29-11-2006 22:44:33.186: 11 characters read in save/athena.txt.
29-11-2006 22:44:33.211: Id for the next created character: 500011.
29-11-2006 22:44:33.211: Char id used to represent server: 500000.
29-11-2006 22:44:33.626: The char-server is ready (and is listening on the port 6121 - from any ip).
29-11-2006 22:44:43.087: From login-server: receiving a GM account information (2000003: level 99).
29-11-2006 22:45:14.651: Map-Server 0 connected: 522 maps, from IP 192.168.1.2 port 5121. Map-server 0 loading complete.
29-11-2006 22:45:21.220: Character Selected, Account ID: 2000003, Character Slot: 8, Character Name: Clown.
29-11-2006 23:11:54.055: 11 characters read in save/athena.txt.
29-11-2006 23:11:54.057: Id for the next created character: 500011.
29-11-2006 23:11:54.057: Char id used to represent server: 500000.
29-11-2006 23:11:54.077: The char-server is ready (and is listening on the port 6121 - from any ip).
29-11-2006 23:12:18.507: Map-Server 0 connected: 522 maps, from IP 192.168.1.2 port 5121. Map-server 0 loading complete.
29-11-2006 23:13:16.448: From login-server: receiving a GM account information (2000003: level 99).
29-11-2006 23:13:22.918: Character Selected, Account ID: 2000003, Character Slot: 8, Character Name: Clown.
29-11-2006 23:25:51.623: Map-Server 0 connected: 522 maps, from IP 192.168.1.2 port 5121. Map-server 0 loading complete.
29-11-2006 23:25:55.803: Character Selected, Account ID: 2000003, Character Slot: 8, Character Name: Clown.
29-11-2006 23:40:18.150: 11 characters read in save/athena.txt.
29-11-2006 23:40:18.152: Id for the next created character: 500011.
29-11-2006 23:40:18.152: Char id used to represent server: 500000.
29-11-2006 23:40:18.333: The char-server is ready (and is listening on the port 6121 - from any ip).
29-11-2006 23:40:32.865: Map-Server 0 connected: 522 maps, from IP 192.168.1.2 port 5121. Map-server 0 loading complete.
29-11-2006 23:41:09.891: From login-server: receiving a GM account information (2000003: level 99).
29-11-2006 23:41:13.603: Character Selected, Account ID: 2000003, Character Slot: 8, Character Name: Clown.
30-11-2006 12:18:21.215: 11 characters read in save/athena.txt.
30-11-2006 12:18:21.305: Id for the next created character: 500011.
30-11-2006 12:18:21.305: Char id used to represent server: 500000.
30-11-2006 12:18:25.938: The char-server is ready (and is listening on the port 6121 - from any ip).
30-11-2006 12:19:00.562: Map-Server 0 connected: 522 maps, from IP 192.168.1.2 port 5121. Map-server 0 loading complete.
30-11-2006 12:19:33.153: From login-server: receiving a GM account information (2000003: level 99).
30-11-2006 12:19:47.938: Character Selected, Account ID: 2000003, Character Slot: 8, Character Name: Clown.
30-11-2006 13:01:04.103: 11 characters read in save/athena.txt.
30-11-2006 13:01:04.185: Id for the next created character: 500011.
30-11-2006 13:01:04.185: Char id used to represent server: 500000.
30-11-2006 13:01:04.491: The char-server is ready (and is listening on the port 6121 - from any ip).
30-11-2006 13:01:20.888: Map-Server 0 connected: 522 maps, from IP 192.168.1.2 port 5121. Map-server 0 loading complete.
30-11-2006 13:01:39.032: From login-server: receiving a GM account information (2000003: level 99).
30-11-2006 13:02:04.582: Character Selected, Account ID: 2000003, Character Slot: 8, Character Name: Clown.
30-11-2006 13:13:11.159: 11 characters read in save/athena.txt.
30-11-2006 13:13:11.196: Id for the next created character: 500011.
30-11-2006 13:13:11.196: Char id used to represent server: 500000.
30-11-2006 13:13:12.104: The char-server is ready (and is listening on the port 6121 - from any ip).
30-11-2006 13:13:32.426: Map-Server 0 connected: 522 maps, from IP 192.168.1.2 port 5121. Map-server 0 loading complete.
30-11-2006 13:13:38.089: From login-server: receiving a GM account information (2000003: level 99).
30-11-2006 13:14:02.538: Creation of New Character: connection #8, account: 2000003, slot 0, character Name: Taekon, stats: 5+5+5+5+5+5=30, hair: 23, hair color: 0.
30-11-2006 13:14:06.464: Character Selected, Account ID: 2000003, Character Slot: 0, Character Name: Taekon.
30-11-2006 14:21:39.331: 12 characters read in save/athena.txt.
30-11-2006 14:21:39.332: Id for the next created character: 500012.
30-11-2006 14:21:39.332: Char id used to represent server: 500000.
30-11-2006 14:21:40.189: The char-server is ready (and is listening on the port 6121 - from any ip).
30-11-2006 14:21:53.732: Map-Server 0 connected: 522 maps, from IP 192.168.1.2 port 5121. Map-server 0 loading complete.
30-11-2006 14:22:31.583: From login-server: receiving a GM account information (2000003: level 99).
30-11-2006 14:22:36.549: Character Selected, Account ID: 2000003, Character Slot: 8, Character Name: Clown.
30-11-2006 15:07:23.091: 12 characters read in save/athena.txt.
30-11-2006 15:07:23.092: Id for the next created character: 500012.
30-11-2006 15:07:23.092: Char id used to represent server: 500000.
30-11-2006 15:07:24.315: The char-server is ready (and is listening on the port 6121 - from any ip).
30-11-2006 15:07:47.267: Map-Server 0 connected: 522 maps, from IP 192.168.1.2 port 5121. Map-server 0 loading complete.
30-11-2006 15:08:50.314: From login-server: receiving a GM account information (2000003: level 99).
30-11-2006 15:08:55.428: Character Selected, Account ID: 2000003, Character Slot: 8, Character Name: Clown.
30-11-2006 16:00:48.167: 12 characters read in save/athena.txt.
30-11-2006 16:00:48.218: Id for the next created character: 500012.
30-11-2006 16:00:48.218: Char id used to represent server: 500000.
30-11-2006 16:00:49.077: The char-server is ready (and is listening on the port 6121 - from any ip).
30-11-2006 16:01:04.993: Map-Server 0 connected: 522 maps, from IP 192.168.1.2 port 5121. Map-server 0 loading complete.
30-11-2006 16:01:53.128: From login-server: receiving a GM account information (2000003: level 99).
30-11-2006 16:02:14.770: Character Selected, Account ID: 2000003, Character Slot: 8, Character Name: Clown.
30-11-2006 20:14:30.712: 12 characters read in save/athena.txt.
30-11-2006 20:14:30.713: Id for the next created character: 500012.
30-11-2006 20:14:30.713: Char id used to represent server: 500000.
30-11-2006 20:14:31.820: The char-server is ready (and is listening on the port 6121 - from any ip).
30-11-2006 20:15:05.639: Map-Server 0 connected: 522 maps, from IP 192.168.1.2 port 5121. Map-server 0 loading complete.
30-11-2006 20:16:01.901: From login-server: receiving a GM account information (2000003: level 99).
30-11-2006 20:16:12.708: Character Selected, Account ID: 2000003, Character Slot: 8, Character Name: Clown.
